<?xml version="1.0" encoding="UTF-8"?>
<!-- Generated by org.testng.reporters.JUnitReportReporter -->
<testsuite hostname="SAK-LAPPDC262" failures="0" tests="3" name="com.sauce.functionalities.SauceTestCheckout" time="2.888" errors="0" timestamp="2024-11-07T10:52:46 IST" skipped="0">
  <testcase classname="com.sauce.functionalities.SauceTestCheckout" name="testLogout" time="2.154"/>
  <system-out>
    <![CDATA[Test started: testLogout
Test passed: testLogout with status: 1]]>
  </system-out>
  <testcase classname="com.sauce.functionalities.SauceTestCheckout" name="finishOrCancelCheckout" time="0.161"/>
  <system-out>
    <![CDATA[Test started: finishOrCancelCheckout
Test passed: finishOrCancelCheckout with status: 1]]>
  </system-out>
  <testcase classname="com.sauce.functionalities.SauceTestCheckout" name="doCheckout" time="0.573"/>
  <system-out>
    <![CDATA[Test started: doCheckout
Test passed: doCheckout with status: 1]]>
  </system-out>
</testsuite> <!-- com.sauce.functionalities.SauceTestCheckout -->
