<?xml version="1.0" encoding="UTF-8"?>
<!-- Generated by org.testng.reporters.JUnitReportReporter -->
<testsuite hostname="SAK-LAPPDC262" failures="0" tests="1" name="com.sauce.functionalities.SauceTestLoginLogout" time="0.300" errors="0" timestamp="2024-11-07T10:52:46 IST" skipped="0">
  <testcase classname="com.sauce.functionalities.SauceTestLoginLogout" name="testLogin" time="0.300"/>
  <system-out>
    <![CDATA[Test started: testLogin
Test passed: testLogin with status: 1]]>
  </system-out>
</testsuite> <!-- com.sauce.functionalities.SauceTestLoginLogout -->
