<?xml version="1.0" encoding="UTF-8"?>
<!-- Generated by org.testng.reporters.JUnitReportReporter -->
<testsuite hostname="SAK-LAPPDC262" failures="0" tests="2" name="com.sauce.functionalities.SauceTestAddToCart" time="0.932" errors="0" timestamp="2024-11-07T15:54:14 IST" skipped="0">
  <testcase classname="com.sauce.functionalities.SauceTestAddToCart" name="addCartFunctionality" time="0.751"/>
  <system-out>
    <![CDATA[Test started: addCartFunctionality
Test passed: addCartFunctionality with status: 1]]>
  </system-out>
  <testcase classname="com.sauce.functionalities.SauceTestAddToCart" name="continueShopping" time="0.181"/>
  <system-out>
    <![CDATA[Test started: continueShopping
Test passed: continueShopping with status: 1]]>
  </system-out>
</testsuite> <!-- com.sauce.functionalities.SauceTestAddToCart -->
